<?xml version="1.0" encoding="utf-8"?><testsuites name="pytest tests"><testsuite name="pytest" errors="0" failures="0" skipped="2" tests="34" time="2.347" timestamp="2026-09-11T02:33:43.292828+05:30" hostname="soai-hpclab-1601"><testcase classname="tests.test_additional_contracts" name="test_fractional_pixel_center_and_asymmetric_kernel_adjoint" time="0.004" /><testcase classname="tests.test_additional_contracts" name="test_future_dates_excluded_and_ragged_batch" time="0.025" /><testcase classname="tests.test_additional_contracts" name="test_flow_training_objectives_are_finite_without_optimizer" time="0.030" /><testcase classname="tests.test_additional_contracts" name="test_fourier_blend_real_and_composition_logged" time="0.005" /><testcase classname="tests.test_additional_contracts" name="test_cutoff_keeps_exact_acquisition_time_and_timezone" time="0.001" /><testcase classname="tests.test_cli_state" name="test_configs_and_cli_import_without_training" time="0.764" /><testcase classname="tests.test_cli_state" name="test_sampler_rng_and_safe_checkpoint_roundtrip" time="0.035" /><testcase classname="tests.test_cli_state" name="test_unknown_inputs_fail_clearly" time="0.006" /><testcase classname="tests.test_cli_state" name="test_calibration_is_bound_to_weights_and_product" time="0.010" /><testcase classname="tests.test_data_geospatial" name="test_fixture_split_decode_and_geospatial" time="0.065" /><testcase classname="tests.test_data_geospatial" name="test_scale_offset_and_split_leakage" time="0.009" /><testcase classname="tests.test_mosaic_diagnostics" name="test_all_ensemble_raster_blocks_written" time="0.515" /><testcase classname="tests.test_optional" name="test_known_translation_and_local_warp" time="0.002" /><testcase classname="tests.test_optional" name="test_temporal_empty_invalid_and_changed_regions" time="0.162" /><testcase classname="tests.test_optional" name="test_uncertainty_is_distinct_and_quantile_rule" time="0.017" /><testcase classname="tests.test_optional" name="test_flow_disabled_zero_gate_and_seeded_sampling" time="0.036" /><testcase classname="tests.test_training_opt_in" name="test_training_and_exact_cpu_resume" time="0.000"><skipped type="pytest.skip" message="Training is disabled. Explicit --run-training is required.">/data/projectwork/SIH/tests/test_training_opt_in.py:26: Training is disabled. Explicit --run-training is required.</skipped></testcase><testcase classname="tests.test_training_opt_in" name="test_controlled_tiny_overfit_measured_reduction" time="0.000"><skipped type="pytest.skip" message="Training is disabled. Explicit --run-training is required.">/data/projectwork/SIH/tests/test_training_opt_in.py:39: Training is disabled. Explicit --run-training is required.</skipped></testcase><testcase classname="tests.test_v1" name="test_shapes_baseline_and_units[shape0]" time="0.011" /><testcase classname="tests.test_v1" name="test_shapes_baseline_and_units[shape1]" time="0.012" /><testcase classname="tests.test_v1" name="test_shapes_baseline_and_units[shape2]" time="0.014" /><testcase classname="tests.test_v1" name="test_shapes_baseline_and_units[shape3]" time="0.514" /><testcase classname="tests.test_v1" name="test_attention_axis_is_only_bands" time="0.002" /><testcase classname="tests.test_v1" name="test_adjoint_and_autograd_transpose[phase0]" time="0.007" /><testcase classname="tests.test_v1" name="test_adjoint_and_autograd_transpose[phase1]" time="0.003" /><testcase classname="tests.test_v1" name="test_adjoint_and_autograd_transpose[phase2]" time="0.003" /><testcase classname="tests.test_v1" name="test_adjoint_and_autograd_transpose[phase3]" time="0.003" /><testcase classname="tests.test_v1" name="test_adjoint_and_autograd_transpose[phase4]" time="0.003" /><testcase classname="tests.test_v1" name="test_impulse_phase_and_coverage" time="0.001" /><testcase classname="tests.test_v1" name="test_normalized_adjoint_constant_not_inverse" time="0.002" /><testcase classname="tests.test_v1" name="test_masked_landweber_descent_and_zero_residual" time="0.006" /><testcase classname="tests.test_v1" name="test_swin_shift_and_padding_finite_backward" time="0.003" /><testcase classname="tests.test_v1" name="test_losses_and_finite_gradients_without_optimizer" time="0.030" /><testcase classname="tests.test_v1" name="test_invalid_configuration_rejected" time="0.001" /></testsuite></testsuites>